<?xml version="1.0" encoding="UTF-8"?>
<testng-results skipped="0" failed="0" total="1" passed="1">
  <reporter-output>
  </reporter-output>
  <suite name="Suite" duration-ms="16328" started-at="2016-08-06T12:49:14Z" finished-at="2016-08-06T12:49:30Z">
    <groups>
    </groups>
    <test name="Test" duration-ms="16328" started-at="2016-08-06T12:49:14Z" finished-at="2016-08-06T12:49:30Z">
      <class name="mypackage.DemoA">
        <test-method status="PASS" signature="testA()[pri:0, instance:mypackage.DemoA@1d057a39]" name="testA" duration-ms="16299" started-at="2016-08-06T18:19:14Z" finished-at="2016-08-06T18:19:30Z">
          <reporter-output>
          </reporter-output>
        </test-method> <!-- testA -->
      </class> <!-- mypackage.DemoA -->
    </test> <!-- Test -->
  </suite> <!-- Suite -->
</testng-results>
